Processing 50183297 in molecule.smi (1/461). 
Processing 50183299 in molecule.smi (2/461). 
Processing 50840919 in molecule.smi (5/461). 
Processing 50180597 in molecule.smi (4/461). 
Processing 50183298 in molecule.smi (3/461). 
Processing 50180603 in molecule.smi (6/461). 
Processing 50183301 in molecule.smi (7/461). 
Processing 51177579 in molecule.smi (8/461). 
java.lang.NullPointerException: Cannot invoke "java.lang.Integer.intValue()" because the return value of "org.openscience.cdk.interfaces.IAtom.getFormalCharge()" is null
	at org.openscience.cdk.atomtype.EStateAtomTypeMatcher.findMatchingAtomType(EStateAtomTypeMatcher.java:149)
	at org.openscience.cdk.qsar.descriptors.molecular.ALOGPDescriptor.calculate(ALOGPDescriptor.java:2021)
	at libpadeldescriptor.CDK_Descriptor.run(Unknown Source)
	at libpadeldescriptor.libPaDELDescriptorWorker.DoJob(Unknown Source)
	at libpadeljobs.Worker.run(Worker.java:46)
java.lang.NullPointerException: Cannot invoke "java.lang.Integer.intValue()" because the return value of "org.openscience.cdk.interfaces.IAtom.getFormalCharge()" is null
	at org.openscience.cdk.atomtype.EStateAtomTypeMatcher.findMatchingAtomType(EStateAtomTypeMatcher.java:149)
	at org.openscience.cdk.qsar.descriptors.molecular.ALOGPDescriptor.calculate(ALOGPDescriptor.java:2021)
	at libpadeldescriptor.CDK_Descriptor.run(Unknown Source)
	at libpadeldescriptor.libPaDELDescriptorWorker.DoJob(Unknown Source)
	at libpadeljobs.Worker.run(Worker.java:46)
java.lang.NullPointerException: Cannot invoke "java.lang.Integer.intValue()" because the return value of "org.openscience.cdk.interfaces.IAtom.getFormalCharge()" is null
	at org.openscience.cdk.atomtype.EStateAtomTypeMatcher.findMatchingAtomType(EStateAtomTypeMatcher.java:149)
	at org.openscience.cdk.qsar.descriptors.molecular.ALOGPDescriptor.calculate(ALOGPDescriptor.java:2021)
	at libpadeldescriptor.CDK_Descriptor.run(Unknown Source)
	at libpadeldescriptor.libPaDELDescriptorWorker.DoJob(Unknown Source)
	at libpadeljobs.Worker.run(Worker.java:46)
java.lang.NullPointerException: Cannot invoke "java.lang.Integer.intValue()" because the return value of "org.openscience.cdk.interfaces.IAtom.getFormalCharge()" is null
	at org.openscience.cdk.atomtype.EStateAtomTypeMatcher.findMatchingAtomType(EStateAtomTypeMatcher.java:149)
	at org.openscience.cdk.qsar.descriptors.molecular.ALOGPDescriptor.calculate(ALOGPDescriptor.java:2021)
	at libpadeldescriptor.CDK_Descriptor.run(Unknown Source)
	at libpadeldescriptor.libPaDELDescriptorWorker.DoJob(Unknown Source)
	at libpadeljobs.Worker.run(Worker.java:46)
java.lang.NullPointerException: Cannot invoke "java.lang.Integer.intValue()" because the return value of "org.openscience.cdk.interfaces.IAtom.getFormalCharge()" is null
	at org.openscience.cdk.atomtype.EStateAtomTypeMatcher.findMatchingAtomType(EStateAtomTypeMatcher.java:149)
	at org.openscience.cdk.qsar.descriptors.molecular.ALOGPDescriptor.calculate(ALOGPDescriptor.java:2021)
	at libpadeldescriptor.CDK_Descriptor.run(Unknown Source)
	at libpadeldescriptor.libPaDELDescriptorWorker.DoJob(Unknown Source)
	at libpadeljobs.Worker.run(Worker.java:46)
java.lang.NullPointerException: Cannot invoke "java.lang.Integer.intValue()" because the return value of "org.openscience.cdk.interfaces.IAtom.getFormalCharge()" is null
	at org.openscience.cdk.atomtype.EStateAtomTypeMatcher.findMatchingAtomType(EStateAtomTypeMatcher.java:149)
	at org.openscience.cdk.qsar.descriptors.molecular.ALOGPDescriptor.calculate(ALOGPDescriptor.java:2021)
	at libpadeldescriptor.CDK_Descriptor.run(Unknown Source)
	at libpadeldescriptor.libPaDELDescriptorWorker.DoJob(Unknown Source)
	at libpadeljobs.Worker.run(Worker.java:46)
java.lang.NullPointerException: Cannot invoke "java.lang.Integer.intValue()" because the return value of "org.openscience.cdk.interfaces.IAtom.getFormalCharge()" is null
	at org.openscience.cdk.atomtype.EStateAtomTypeMatcher.findMatchingAtomType(EStateAtomTypeMatcher.java:149)
	at org.openscience.cdk.qsar.descriptors.molecular.ALOGPDescriptor.calculate(ALOGPDescriptor.java:2021)
	at libpadeldescriptor.CDK_Descriptor.run(Unknown Source)
	at libpadeldescriptor.libPaDELDescriptorWorker.DoJob(Unknown Source)
	at libpadeljobs.Worker.run(Worker.java:46)
java.lang.NullPointerException: Cannot invoke "java.lang.Integer.intValue()" because the return value of "org.openscience.cdk.interfaces.IAtom.getFormalCharge()" is null
	at org.openscience.cdk.atomtype.EStateAtomTypeMatcher.findMatchingAtomType(EStateAtomTypeMatcher.java:149)
	at org.openscience.cdk.qsar.descriptors.molecular.ALOGPDescriptor.calculate(ALOGPDescriptor.java:2021)
	at libpadeldescriptor.CDK_Descriptor.run(Unknown Source)
	at libpadeldescriptor.libPaDELDescriptorWorker.DoJob(Unknown Source)
	at libpadeljobs.Worker.run(Worker.java:46)
java.lang.NullPointerException: Cannot invoke "java.lang.Integer.intValue()" because the return value of "org.openscience.cdk.interfaces.IAtom.getFormalCharge()" is null
	at org.openscience.cdk.atomtype.EStateAtomTypeMatcher.findMatchingAtomType(EStateAtomTypeMatcher.java:149)
	at org.openscience.cdk.qsar.descriptors.molecular.ALOGPDescriptor.calculate(ALOGPDescriptor.java:2021)
	at libpadeldescriptor.CDK_Descriptor.run(Unknown Source)
	at libpadeldescriptor.libPaDELDescriptorWorker.DoJob(Unknown Source)
	at libpadeljobs.Worker.run(Worker.java:46)
java.lang.NullPointerException: Cannot invoke "java.lang.Integer.intValue()" because the return value of "org.openscience.cdk.interfaces.IAtom.getFormalCharge()" is null
	at org.openscience.cdk.atomtype.EStateAtomTypeMatcher.findMatchingAtomType(EStateAtomTypeMatcher.java:149)
	at org.openscience.cdk.qsar.descriptors.molecular.ALOGPDescriptor.calculate(ALOGPDescriptor.java:2021)
	at libpadeldescriptor.CDK_Descriptor.run(Unknown Source)
	at libpadeldescriptor.libPaDELDescriptorWorker.DoJob(Unknown Source)
	at libpadeljobs.Worker.run(Worker.java:46)
java.lang.NullPointerException: Cannot invoke "java.lang.Integer.intValue()" because the return value of "org.openscience.cdk.interfaces.IAtom.getFormalCharge()" is null
	at org.openscience.cdk.atomtype.EStateAtomTypeMatcher.findMatchingAtomType(EStateAtomTypeMatcher.java:149)
	at org.openscience.cdk.qsar.descriptors.molecular.ALOGPDescriptor.calculate(ALOGPDescriptor.java:2021)
	at libpadeldescriptor.CDK_Descriptor.run(Unknown Source)
	at libpadeldescriptor.libPaDELDescriptorWorker.DoJob(Unknown Source)
	at libpadeljobs.Worker.run(Worker.java:46)
java.lang.NullPointerException: Cannot invoke "java.lang.Integer.intValue()" because the return value of "org.openscience.cdk.interfaces.IAtom.getFormalCharge()" is null
	at org.openscience.cdk.atomtype.EStateAtomTypeMatcher.findMatchingAtomType(EStateAtomTypeMatcher.java:149)
	at org.openscience.cdk.qsar.descriptors.molecular.ALOGPDescriptor.calculate(ALOGPDescriptor.java:2021)
	at libpadeldescriptor.CDK_Descriptor.run(Unknown Source)
	at libpadeldescriptor.libPaDELDescriptorWorker.DoJob(Unknown Source)
	at libpadeljobs.Worker.run(Worker.java:46)
java.lang.NullPointerException: Cannot invoke "java.lang.Integer.intValue()" because the return value of "org.openscience.cdk.interfaces.IAtom.getFormalCharge()" is null
	at org.openscience.cdk.atomtype.EStateAtomTypeMatcher.findMatchingAtomType(EStateAtomTypeMatcher.java:149)
	at org.openscience.cdk.qsar.descriptors.molecular.ALOGPDescriptor.calculate(ALOGPDescriptor.java:2021)
	at libpadeldescriptor.CDK_Descriptor.run(Unknown Source)
	at libpadeldescriptor.libPaDELDescriptorWorker.DoJob(Unknown Source)
	at libpadeljobs.Worker.run(Worker.java:46)
java.lang.NullPointerException: Cannot invoke "java.lang.Integer.intValue()" because the return value of "org.openscience.cdk.interfaces.IAtom.getFormalCharge()" is null
	at org.openscience.cdk.atomtype.EStateAtomTypeMatcher.findMatchingAtomType(EStateAtomTypeMatcher.java:149)
	at org.openscience.cdk.qsar.descriptors.molecular.ALOGPDescriptor.calculate(ALOGPDescriptor.java:2021)
	at libpadeldescriptor.CDK_Descriptor.run(Unknown Source)
	at libpadeldescriptor.libPaDELDescriptorWorker.DoJob(Unknown Source)
	at libpadeljobs.Worker.run(Worker.java:46)
java.lang.NullPointerException: Cannot invoke "java.lang.Integer.intValue()" because the return value of "org.openscience.cdk.interfaces.IAtom.getFormalCharge()" is null
	at org.openscience.cdk.atomtype.EStateAtomTypeMatcher.findMatchingAtomType(EStateAtomTypeMatcher.java:149)
	at libpadeldescriptor.EStateAtomTypeDescriptor.calculate(Unknown Source)
	at libpadeldescriptor.CDK_Descriptor.run(Unknown Source)
	at libpadeldescriptor.libPaDELDescriptorWorker.DoJob(Unknown Source)
	at libpadeljobs.Worker.run(Worker.java:46)
java.lang.NullPointerException: Cannot invoke "java.lang.Integer.intValue()" because the return value of "org.openscience.cdk.interfaces.IAtom.getFormalCharge()" is null
	at org.openscience.cdk.atomtype.EStateAtomTypeMatcher.findMatchingAtomType(EStateAtomTypeMatcher.java:149)
	at libpadeldescriptor.EStateAtomTypeDescriptor.calculate(Unknown Source)
	at libpadeldescriptor.CDK_Descriptor.run(Unknown Source)
	at libpadeldescriptor.libPaDELDescriptorWorker.DoJob(Unknown Source)
	at libpadeljobs.Worker.run(Worker.java:46)
java.lang.NullPointerException: Cannot invoke "java.lang.Integer.intValue()" because the return value of "org.openscience.cdk.interfaces.IAtom.getFormalCharge()" is null
	at org.openscience.cdk.atomtype.EStateAtomTypeMatcher.findMatchingAtomType(EStateAtomTypeMatcher.java:149)
	at libpadeldescriptor.EStateAtomTypeDescriptor.calculate(Unknown Source)
	at libpadeldescriptor.CDK_Descriptor.run(Unknown Source)
	at libpadeldescriptor.libPaDELDescriptorWorker.DoJob(Unknown Source)
	at libpadeljobs.Worker.run(Worker.java:46)
java.lang.NullPointerException: Cannot invoke "java.lang.Integer.intValue()" because the return value of "org.openscience.cdk.interfaces.IAtom.getFormalCharge()" is null
	at org.openscience.cdk.atomtype.EStateAtomTypeMatcher.findMatchingAtomType(EStateAtomTypeMatcher.java:149)
	at libpadeldescriptor.EStateAtomTypeDescriptor.calculate(Unknown Source)
	at libpadeldescriptor.CDK_Descriptor.run(Unknown Source)
	at libpadeldescriptor.libPaDELDescriptorWorker.DoJob(Unknown Source)
	at libpadeljobs.Worker.run(Worker.java:46)
Processing 50180590 in molecule.smi (12/461). Average speed: 1.86 s/mol.
Processing 51177582 in molecule.smi (11/461). Average speed: 1.86 s/mol.
Processing 50183300 in molecule.smi (10/461). Average speed: 1.86 s/mol.
Processing 50840922 in molecule.smi (9/461). Average speed: 1.86 s/mol.
Processing 51180265 in molecule.smi (13/461). Average speed: 1.50 s/mol.
java.lang.NullPointerException: Cannot invoke "java.lang.Integer.intValue()" because the return value of "org.openscience.cdk.interfaces.IAtom.getFormalCharge()" is null
	at org.openscience.cdk.atomtype.EStateAtomTypeMatcher.findMatchingAtomType(EStateAtomTypeMatcher.java:149)
	at org.openscience.cdk.qsar.descriptors.molecular.ALOGPDescriptor.calculate(ALOGPDescriptor.java:2021)
	at libpadeldescriptor.CDK_Descriptor.run(Unknown Source)
	at libpadeldescriptor.libPaDELDescriptorWorker.DoJob(Unknown Source)
	at libpadeljobs.Worker.run(Worker.java:46)
java.lang.NullPointerException: Cannot invoke "java.lang.Integer.intValue()" because the return value of "org.openscience.cdk.interfaces.IAtom.getFormalCharge()" is null
	at org.openscience.cdk.atomtype.EStateAtomTypeMatcher.findMatchingAtomType(EStateAtomTypeMatcher.java:149)
	at org.openscience.cdk.qsar.descriptors.molecular.ALOGPDescriptor.calculate(ALOGPDescriptor.java:2021)
	at libpadeldescriptor.CDK_Descriptor.run(Unknown Source)
	at libpadeldescriptor.libPaDELDescriptorWorker.DoJob(Unknown Source)
	at libpadeljobs.Worker.run(Worker.java:46)
java.lang.NullPointerException: Cannot invoke "java.lang.Integer.intValue()" because the return value of "org.openscience.cdk.interfaces.IAtom.getFormalCharge()" is null
	at org.openscience.cdk.atomtype.EStateAtomTypeMatcher.findMatchingAtomType(EStateAtomTypeMatcher.java:149)
	at org.openscience.cdk.qsar.descriptors.molecular.ALOGPDescriptor.calculate(ALOGPDescriptor.java:2021)
	at libpadeldescriptor.CDK_Descriptor.run(Unknown Source)
	at libpadeldescriptor.libPaDELDescriptorWorker.DoJob(Unknown Source)
	at libpadeljobs.Worker.run(Worker.java:46)
java.lang.NullPointerException: Cannot invoke "java.lang.Integer.intValue()" because the return value of "org.openscience.cdk.interfaces.IAtom.getFormalCharge()" is null
	at org.openscience.cdk.atomtype.EStateAtomTypeMatcher.findMatchingAtomType(EStateAtomTypeMatcher.java:149)
	at org.openscience.cdk.qsar.descriptors.molecular.ALOGPDescriptor.calculate(ALOGPDescriptor.java:2021)
	at libpadeldescriptor.CDK_Descriptor.run(Unknown Source)
	at libpadeldescriptor.libPaDELDescriptorWorker.DoJob(Unknown Source)
	at libpadeljobs.Worker.run(Worker.java:46)
java.lang.NullPointerException: Cannot invoke "java.lang.Integer.intValue()" because the return value of "org.openscience.cdk.interfaces.IAtom.getFormalCharge()" is null
	at org.openscience.cdk.atomtype.EStateAtomTypeMatcher.findMatchingAtomType(EStateAtomTypeMatcher.java:149)
	at libpadeldescriptor.EStateAtomTypeDescriptor.calculate(Unknown Source)
	at libpadeldescriptor.CDK_Descriptor.run(Unknown Source)
	at libpadeldescriptor.libPaDELDescriptorWorker.DoJob(Unknown Source)
	at libpadeljobs.Worker.run(Worker.java:46)
Processing 50344541 in molecule.smi (14/461). Average speed: 1.39 s/mol.
Processing 51179887 in molecule.smi (16/461). Average speed: 1.05 s/mol.
Processing 51172123 in molecule.smi (15/461). Average speed: 1.20 s/mol.
java.lang.NullPointerException: Cannot invoke "java.lang.Integer.intValue()" because the return value of "org.openscience.cdk.interfaces.IAtom.getFormalCharge()" is null
	at org.openscience.cdk.atomtype.EStateAtomTypeMatcher.findMatchingAtomType(EStateAtomTypeMatcher.java:149)
	at org.openscience.cdk.qsar.descriptors.molecular.ALOGPDescriptor.calculate(ALOGPDescriptor.java:2021)
	at libpadeldescriptor.CDK_Descriptor.run(Unknown Source)
	at libpadeldescriptor.libPaDELDescriptorWorker.DoJob(Unknown Source)
	at libpadeljobs.Worker.run(Worker.java:46)
java.lang.NullPointerException: Cannot invoke "java.lang.Integer.intValue()" because the return value of "org.openscience.cdk.interfaces.IAtom.getFormalCharge()" is null
	at org.openscience.cdk.atomtype.EStateAtomTypeMatcher.findMatchingAtomType(EStateAtomTypeMatcher.java:149)
	at org.openscience.cdk.qsar.descriptors.molecular.ALOGPDescriptor.calculate(ALOGPDescriptor.java:2021)
	at libpadeldescriptor.CDK_Descriptor.run(Unknown Source)
	at libpadeldescriptor.libPaDELDescriptorWorker.DoJob(Unknown Source)
	at libpadeljobs.Worker.run(Worker.java:46)
java.lang.NullPointerException: Cannot invoke "java.lang.Integer.intValue()" because the return value of "org.openscience.cdk.interfaces.IAtom.getFormalCharge()" is null
	at org.openscience.cdk.atomtype.EStateAtomTypeMatcher.findMatchingAtomType(EStateAtomTypeMatcher.java:149)
	at libpadeldescriptor.EStateAtomTypeDescriptor.calculate(Unknown Source)
	at libpadeldescriptor.CDK_Descriptor.run(Unknown Source)
	at libpadeldescriptor.libPaDELDescriptorWorker.DoJob(Unknown Source)
	at libpadeljobs.Worker.run(Worker.java:46)
Processing 51180264 in molecule.smi (17/461). Average speed: 0.94 s/mol.
Processing 50180616 in molecule.smi (18/461). Average speed: 0.85 s/mol.
Processing 50180593 in molecule.smi (19/461). Average speed: 0.86 s/mol.
Processing 51172147 in molecule.smi (20/461). Average speed: 0.76 s/mol.
Processing 51179876 in molecule.smi (21/461). Average speed: 0.83 s/mol.
Processing 51196556 in molecule.smi (22/461). Average speed: 0.78 s/mol.
Processing 51172886 in molecule.smi (24/461). Average speed: 0.69 s/mol.
Processing 51196551 in molecule.smi (23/461). Average speed: 0.72 s/mol.
Processing 50222458 in molecule.smi (25/461). Average speed: 0.65 s/mol.
Processing 50180589 in molecule.smi (26/461). Average speed: 0.61 s/mol.
Processing 50833277 in molecule.smi (27/461). Average speed: 0.58 s/mol.
Processing 51162696 in molecule.smi (28/461). Average speed: 0.55 s/mol.
Processing 50344591 in molecule.smi (29/461). Average speed: 0.54 s/mol.
Processing 50833284 in molecule.smi (30/461). Average speed: 0.52 s/mol.
Processing 51180958 in molecule.smi (31/461). Average speed: 0.50 s/mol.
Processing 51172148 in molecule.smi (32/461). Average speed: 0.49 s/mol.
Processing 51172142 in molecule.smi (33/461). Average speed: 0.47 s/mol.
Processing 51179878 in molecule.smi (34/461). Average speed: 0.48 s/mol.
Processing 51169189 in molecule.smi (36/461). Average speed: 0.46 s/mol.
Processing 50344540 in molecule.smi (35/461). Average speed: 0.47 s/mol.
Processing 51162689 in molecule.smi (37/461). Average speed: 0.45 s/mol.
Processing 50180615 in molecule.smi (39/461). Average speed: 0.43 s/mol.
Processing 51163807 in molecule.smi (38/461). Average speed: 0.44 s/mol.
Processing 51177580 in molecule.smi (40/461). Average speed: 0.42 s/mol.
Processing 51172122 in molecule.smi (41/461). Average speed: 0.42 s/mol.
Processing 50236165 in molecule.smi (42/461). Average speed: 0.40 s/mol.
Processing 51162686 in molecule.smi (43/461). Average speed: 0.39 s/mol.
Processing 50236148 in molecule.smi (44/461). Average speed: 0.39 s/mol.
Processing 51172126 in molecule.smi (46/461). Average speed: 0.38 s/mol.
Processing 50180608 in molecule.smi (45/461). Average speed: 0.38 s/mol.
Processing 51195493 in molecule.smi (48/461). Average speed: 0.36 s/mol.
Processing 51179402 in molecule.smi (47/461). Average speed: 0.37 s/mol.
Processing 51211155 in molecule.smi (50/461). Average speed: 0.36 s/mol.
Processing 51169325 in molecule.smi (49/461). Average speed: 0.36 s/mol.
Processing 51211171 in molecule.smi (51/461). Average speed: 0.35 s/mol.
Processing 51195486 in molecule.smi (52/461). Average speed: 0.34 s/mol.
Processing 51195492 in molecule.smi (53/461). Average speed: 0.34 s/mol.
Processing 51196555 in molecule.smi (54/461). Average speed: 0.33 s/mol.
Processing 51211163 in molecule.smi (55/461). Average speed: 0.32 s/mol.
Processing 51163408 in molecule.smi (57/461). Average speed: 0.32 s/mol.
Processing 51211154 in molecule.smi (56/461). Average speed: 0.32 s/mol.
Processing 51211151 in molecule.smi (58/461). Average speed: 0.31 s/mol.
Processing 51211159 in molecule.smi (59/461). Average speed: 0.31 s/mol.
Processing 348219 in molecule.smi (60/461). Average speed: 0.31 s/mol.
Processing 348217 in molecule.smi (61/461). Average speed: 0.31 s/mol.
Processing 51211166 in molecule.smi (62/461). Average speed: 0.30 s/mol.
Processing 51211156 in molecule.smi (65/461). Average speed: 0.29 s/mol.
Processing 51211176 in molecule.smi (63/461). Average speed: 0.29 s/mol.
Processing 51211143 in molecule.smi (64/461). Average speed: 0.29 s/mol.
Processing 51180959 in molecule.smi (66/461). Average speed: 0.29 s/mol.
Processing 51180267 in molecule.smi (67/461). Average speed: 0.28 s/mol.
Processing 51172143 in molecule.smi (68/461). Average speed: 0.28 s/mol.
Processing 51179882 in molecule.smi (69/461). Average speed: 0.28 s/mol.
java.lang.NullPointerException: Cannot invoke "java.lang.Integer.intValue()" because the return value of "org.openscience.cdk.interfaces.IAtom.getFormalCharge()" is null
	at org.openscience.cdk.atomtype.EStateAtomTypeMatcher.findMatchingAtomType(EStateAtomTypeMatcher.java:149)
	at org.openscience.cdk.qsar.descriptors.molecular.ALOGPDescriptor.calculate(ALOGPDescriptor.java:2021)
	at libpadeldescriptor.CDK_Descriptor.run(Unknown Source)
	at libpadeldescriptor.libPaDELDescriptorWorker.DoJob(Unknown Source)
	at libpadeljobs.Worker.run(Worker.java:46)
Processing 50180595 in molecule.smi (70/461). Average speed: 0.27 s/mol.
java.lang.NullPointerException: Cannot invoke "java.lang.Integer.intValue()" because the return value of "org.openscience.cdk.interfaces.IAtom.getFormalCharge()" is null
	at org.openscience.cdk.atomtype.EStateAtomTypeMatcher.findMatchingAtomType(EStateAtomTypeMatcher.java:149)
	at libpadeldescriptor.EStateAtomTypeDescriptor.calculate(Unknown Source)
	at libpadeldescriptor.CDK_Descriptor.run(Unknown Source)
	at libpadeldescriptor.libPaDELDescriptorWorker.DoJob(Unknown Source)
	at libpadeljobs.Worker.run(Worker.java:46)
Processing 582011 in molecule.smi (71/461). Average speed: 0.27 s/mol.
Processing 50344538 in molecule.smi (72/461). Average speed: 0.27 s/mol.
Processing 51179879 in molecule.smi (73/461). Average speed: 0.26 s/mol.
Processing 51172136 in molecule.smi (74/461). Average speed: 0.26 s/mol.
Processing 51172137 in molecule.smi (75/461). Average speed: 0.26 s/mol.
Processing 51169326 in molecule.smi (76/461). Average speed: 0.25 s/mol.
Processing 51171817 in molecule.smi (77/461). Average speed: 0.25 s/mol.
Processing 50344544 in molecule.smi (78/461). Average speed: 0.25 s/mol.
Processing 50833276 in molecule.smi (80/461). Average speed: 0.26 s/mol.
Processing 50344603 in molecule.smi (79/461). Average speed: 0.26 s/mol.
Processing 51170550 in molecule.smi (81/461). Average speed: 0.26 s/mol.
Processing 51169501 in molecule.smi (82/461). Average speed: 0.25 s/mol.
Processing 51162692 in molecule.smi (83/461). Average speed: 0.25 s/mol.
Processing 50236163 in molecule.smi (84/461). Average speed: 0.25 s/mol.
Processing 51179398 in molecule.smi (85/461). Average speed: 0.25 s/mol.
Processing 51180266 in molecule.smi (87/461). Average speed: 0.24 s/mol.
Processing 51172124 in molecule.smi (86/461). Average speed: 0.24 s/mol.
Processing 51172129 in molecule.smi (88/461). Average speed: 0.24 s/mol.
Processing 51162691 in molecule.smi (89/461). Average speed: 0.24 s/mol.
Processing 51162680 in molecule.smi (90/461). Average speed: 0.24 s/mol.
Processing 51180957 in molecule.smi (91/461). Average speed: 0.24 s/mol.
Processing 51179886 in molecule.smi (92/461). Average speed: 0.24 s/mol.
Processing 51195494 in molecule.smi (93/461). Average speed: 0.23 s/mol.
Processing 51162685 in molecule.smi (95/461). Average speed: 0.23 s/mol.
Processing 50973589 in molecule.smi (94/461). Average speed: 0.23 s/mol.
Processing 51179401 in molecule.smi (96/461). Average speed: 0.23 s/mol.
Processing 51179880 in molecule.smi (97/461). Average speed: 0.23 s/mol.
Processing 51179885 in molecule.smi (98/461). Average speed: 0.22 s/mol.
Processing 582016 in molecule.smi (99/461). Average speed: 0.22 s/mol.
Processing 51162694 in molecule.smi (100/461). Average speed: 0.22 s/mol.
Processing 51176669 in molecule.smi (101/461). Average speed: 0.22 s/mol.
Processing 51162668 in molecule.smi (102/461). Average speed: 0.22 s/mol.
Processing 50973670 in molecule.smi (103/461). Average speed: 0.22 s/mol.
Processing 51162693 in molecule.smi (104/461). Average speed: 0.22 s/mol.
Processing 51172884 in molecule.smi (106/461). Average speed: 0.21 s/mol.
Processing 51171818 in molecule.smi (105/461). Average speed: 0.22 s/mol.
Processing 51179881 in molecule.smi (107/461). Average speed: 0.22 s/mol.
Processing 50330486 in molecule.smi (108/461). Average speed: 0.22 s/mol.
Processing 51169190 in molecule.smi (109/461). Average speed: 0.22 s/mol.
Processing 50330484 in molecule.smi (110/461). Average speed: 0.22 s/mol.
Processing 50236161 in molecule.smi (111/461). Average speed: 0.22 s/mol.
Processing 51172881 in molecule.smi (113/461). Average speed: 0.22 s/mol.
Processing 51171819 in molecule.smi (112/461). Average speed: 0.22 s/mol.
Processing 50973529 in molecule.smi (114/461). Average speed: 0.24 s/mol.
Processing 50344545 in molecule.smi (115/461). Average speed: 0.24 s/mol.
Processing 50236164 in molecule.smi (116/461). Average speed: 0.23 s/mol.
Processing 51172149 in molecule.smi (117/461). Average speed: 0.23 s/mol.
Processing 51189405 in molecule.smi (118/461). Average speed: 0.23 s/mol.
Processing 50236160 in molecule.smi (119/461). Average speed: 0.23 s/mol.
Processing 51172125 in molecule.smi (120/461). Average speed: 0.23 s/mol.
Processing 51162684 in molecule.smi (121/461). Average speed: 0.23 s/mol.
Processing 51162675 in molecule.smi (122/461). Average speed: 0.24 s/mol.
Processing 50236151 in molecule.smi (123/461). Average speed: 0.24 s/mol.
Processing 582014 in molecule.smi (124/461). Average speed: 0.23 s/mol.
Processing 51162690 in molecule.smi (125/461). Average speed: 0.23 s/mol.
Processing 51033937 in molecule.smi (126/461). Average speed: 0.23 s/mol.
Processing 50180591 in molecule.smi (127/461). Average speed: 0.23 s/mol.
Processing 51162671 in molecule.smi (128/461). Average speed: 0.23 s/mol.
Processing 51172145 in molecule.smi (129/461). Average speed: 0.23 s/mol.
Processing 50344594 in molecule.smi (130/461). Average speed: 0.23 s/mol.
Processing 50344592 in molecule.smi (131/461). Average speed: 0.23 s/mol.
Processing 51189406 in molecule.smi (132/461). Average speed: 0.23 s/mol.
java.lang.NullPointerException: Cannot invoke "java.lang.Integer.intValue()" because the return value of "org.openscience.cdk.interfaces.IAtom.getFormalCharge()" is null
	at org.openscience.cdk.atomtype.EStateAtomTypeMatcher.findMatchingAtomType(EStateAtomTypeMatcher.java:149)
	at org.openscience.cdk.qsar.descriptors.molecular.ALOGPDescriptor.calculate(ALOGPDescriptor.java:2021)
	at libpadeldescriptor.CDK_Descriptor.run(Unknown Source)
	at libpadeldescriptor.libPaDELDescriptorWorker.DoJob(Unknown Source)
	at libpadeljobs.Worker.run(Worker.java:46)
java.lang.NullPointerException: Cannot invoke "java.lang.Integer.intValue()" because the return value of "org.openscience.cdk.interfaces.IAtom.getFormalCharge()" is null
	at org.openscience.cdk.atomtype.EStateAtomTypeMatcher.findMatchingAtomType(EStateAtomTypeMatcher.java:149)
	at org.openscience.cdk.qsar.descriptors.molecular.ALOGPDescriptor.calculate(ALOGPDescriptor.java:2021)
	at libpadeldescriptor.CDK_Descriptor.run(Unknown Source)
	at libpadeldescriptor.libPaDELDescriptorWorker.DoJob(Unknown Source)
	at libpadeljobs.Worker.run(Worker.java:46)
java.lang.NullPointerException: Cannot invoke "java.lang.Integer.intValue()" because the return value of "org.openscience.cdk.interfaces.IAtom.getFormalCharge()" is null
	at org.openscience.cdk.atomtype.EStateAtomTypeMatcher.findMatchingAtomType(EStateAtomTypeMatcher.java:149)
	at libpadeldescriptor.EStateAtomTypeDescriptor.calculate(Unknown Source)
	at libpadeldescriptor.CDK_Descriptor.run(Unknown Source)
	at libpadeldescriptor.libPaDELDescriptorWorker.DoJob(Unknown Source)
	at libpadeljobs.Worker.run(Worker.java:46)
Processing 50180612 in molecule.smi (133/461). Average speed: 0.24 s/mol.
Processing 50330481 in molecule.smi (135/461). Average speed: 0.24 s/mol.
Processing 51177577 in molecule.smi (134/461). Average speed: 0.23 s/mol.
Processing 582010 in molecule.smi (136/461). Average speed: 0.24 s/mol.
Processing 51169323 in molecule.smi (137/461). Average speed: 0.24 s/mol.
Processing 51171821 in molecule.smi (138/461). Average speed: 0.25 s/mol.
Processing 51177578 in molecule.smi (139/461). Average speed: 0.25 s/mol.
Processing 51176670 in molecule.smi (140/461). Average speed: 0.25 s/mol.
Processing 51177581 in molecule.smi (141/461). Average speed: 0.26 s/mol.
Processing 50617050 in molecule.smi (143/461). Average speed: 0.27 s/mol.
Processing 51163418 in molecule.smi (142/461). Average speed: 0.26 s/mol.
Processing 50344542 in molecule.smi (144/461). Average speed: 0.27 s/mol.
Processing 51172141 in molecule.smi (145/461). Average speed: 0.27 s/mol.
Processing 51176672 in molecule.smi (146/461). Average speed: 0.27 s/mol.
Processing 50330487 in molecule.smi (148/461). Average speed: 0.28 s/mol.
Processing 50330475 in molecule.smi (147/461). Average speed: 0.27 s/mol.
Processing 50180607 in molecule.smi (150/461). Average speed: 0.28 s/mol.
Processing 51163802 in molecule.smi (149/461). Average speed: 0.28 s/mol.
Processing 50973508 in molecule.smi (151/461). Average speed: 0.28 s/mol.
Processing 51163804 in molecule.smi (152/461). Average speed: 0.28 s/mol.
Processing 51162669 in molecule.smi (153/461). Average speed: 0.27 s/mol.
Processing 51162676 in molecule.smi (154/461). Average speed: 0.28 s/mol.
Processing 51163239 in molecule.smi (155/461). Average speed: 0.28 s/mol.
Processing 51297243 in molecule.smi (156/461). Average speed: 0.28 s/mol.
Processing 50236159 in molecule.smi (157/461). Average speed: 0.28 s/mol.
Processing 51196554 in molecule.smi (158/461). Average speed: 0.28 s/mol.
Processing 50236147 in molecule.smi (159/461). Average speed: 0.29 s/mol.
Processing 51163409 in molecule.smi (160/461). Average speed: 0.29 s/mol.
Processing 50344597 in molecule.smi (161/461). Average speed: 0.30 s/mol.
Processing 51172146 in molecule.smi (163/461). Average speed: 0.30 s/mol.
Processing 51162674 in molecule.smi (162/461). Average speed: 0.29 s/mol.
Processing 51162672 in molecule.smi (164/461). Average speed: 0.30 s/mol.
Processing 50330477 in molecule.smi (165/461). Average speed: 0.30 s/mol.
Processing 51172880 in molecule.smi (166/461). Average speed: 0.30 s/mol.
Processing 51163413 in molecule.smi (167/461). Average speed: 0.30 s/mol.
Processing 51179888 in molecule.smi (168/461). Average speed: 0.30 s/mol.
Processing 51179400 in molecule.smi (169/461). Average speed: 0.31 s/mol.
Processing 51172140 in molecule.smi (170/461). Average speed: 0.31 s/mol.
Processing 50342829 in molecule.smi (171/461). Average speed: 0.31 s/mol.
Processing 51165577 in molecule.smi (172/461). Average speed: 0.31 s/mol.
Processing 51191709 in molecule.smi (173/461). Average speed: 0.32 s/mol.
Processing 51172130 in molecule.smi (174/461). Average speed: 0.34 s/mol.
Processing 51163420 in molecule.smi (175/461). Average speed: 0.34 s/mol.
Processing 51163421 in molecule.smi (176/461). Average speed: 0.35 s/mol.
Processing 51163429 in molecule.smi (177/461). Average speed: 0.36 s/mol.
Processing 582013 in molecule.smi (178/461). Average speed: 0.37 s/mol.
Processing 51162670 in molecule.smi (179/461). Average speed: 0.38 s/mol.
Processing 50236152 in molecule.smi (180/461). Average speed: 0.38 s/mol.
Processing 51163425 in molecule.smi (181/461). Average speed: 0.39 s/mol.
Processing 51165575 in molecule.smi (182/461). Average speed: 0.40 s/mol.
Processing 51172138 in molecule.smi (183/461). Average speed: 0.41 s/mol.
Processing 51169502 in molecule.smi (184/461). Average speed: 0.42 s/mol.
Processing 50344604 in molecule.smi (185/461). Average speed: 0.44 s/mol.
Processing 51162666 in molecule.smi (186/461). Average speed: 0.44 s/mol.
Processing 50344607 in molecule.smi (187/461). Average speed: 0.45 s/mol.
Processing 51208276 in molecule.smi (188/461). Average speed: 0.45 s/mol.
Processing 51163800 in molecule.smi (189/461). Average speed: 0.46 s/mol.
Processing 50840924 in molecule.smi (190/461). Average speed: 0.47 s/mol.
Processing 50236154 in molecule.smi (191/461). Average speed: 0.47 s/mol.
Processing 582012 in molecule.smi (192/461). Average speed: 0.48 s/mol.
Processing 50330476 in molecule.smi (193/461). Average speed: 0.50 s/mol.
Processing 50236156 in molecule.smi (194/461). Average speed: 0.50 s/mol.
Processing 51208268 in molecule.smi (195/461). Average speed: 0.52 s/mol.
Processing 51171820 in molecule.smi (196/461). Average speed: 0.54 s/mol.
Processing 50342828 in molecule.smi (197/461). Average speed: 0.55 s/mol.
Processing 50222454 in molecule.smi (198/461). Average speed: 0.57 s/mol.
Processing 51189402 in molecule.smi (199/461). Average speed: 0.58 s/mol.
Processing 51195487 in molecule.smi (200/461). Average speed: 0.60 s/mol.
Processing 51218752 in molecule.smi (201/461). Average speed: 0.62 s/mol.
Processing 51170548 in molecule.smi (202/461). Average speed: 0.62 s/mol.
Processing 50236153 in molecule.smi (203/461). Average speed: 0.63 s/mol.
Processing 51163805 in molecule.smi (204/461). Average speed: 0.65 s/mol.
Processing 50236149 in molecule.smi (205/461). Average speed: 0.65 s/mol.
Processing 582015 in molecule.smi (206/461). Average speed: 0.66 s/mol.
Processing 50344543 in molecule.smi (207/461). Average speed: 0.68 s/mol.
Processing 51179399 in molecule.smi (208/461). Average speed: 0.69 s/mol.
Processing 51172132 in molecule.smi (209/461). Average speed: 0.71 s/mol.
